[2022-12-20T00:29:00.513] [DEBUG] cheese - login => username:zs,password:123456
[2022-12-20T00:29:00.527] [DEBUG] cheese - zs
[2022-12-20T00:29:00.539] [DEBUG] cheese - null
[2022-12-20T00:29:00.539] [DEBUG] cheese - null
[2022-12-20T00:29:18.702] [DEBUG] cheese - login => username:admin,password:123456
[2022-12-20T00:29:18.703] [DEBUG] cheese - admin
[2022-12-20T00:29:18.710] [DEBUG] cheese - null
[2022-12-20T00:29:18.710] [DEBUG] cheese - null
[2023-01-18T13:56:17.127] [DEBUG] cheese - login => username:1111111,password:2222222222
[2023-01-18T13:56:17.128] [DEBUG] cheese - 1111111
[2023-01-18T13:56:17.149] [DEBUG] cheese - null
[2023-01-18T13:56:17.150] [DEBUG] cheese - null
[2023-01-18T14:17:38.298] [DEBUG] cheese - login => username:34444444,password:4444444
[2023-01-18T14:17:38.298] [DEBUG] cheese - 34444444
[2023-01-18T14:17:38.314] [DEBUG] cheese - null
[2023-01-18T14:17:38.314] [DEBUG] cheese - null
[2023-01-18T14:18:16.252] [DEBUG] cheese - login => username:777777,password:777777
[2023-01-18T14:18:16.252] [DEBUG] cheese - 777777
[2023-01-18T14:18:16.254] [DEBUG] cheese - null
[2023-01-18T14:18:16.254] [DEBUG] cheese - null
[2023-01-18T14:23:09.798] [DEBUG] cheese - login => username:55555,password:555555
[2023-01-18T14:23:09.798] [DEBUG] cheese - 55555
[2023-01-18T14:23:09.804] [DEBUG] cheese - null
[2023-01-18T14:23:09.804] [DEBUG] cheese - null
[2023-01-18T14:23:16.797] [DEBUG] cheese - login => username:admin,password:123456
[2023-01-18T14:23:16.797] [DEBUG] cheese - admin
[2023-01-18T14:23:16.802] [DEBUG] cheese - null
[2023-01-18T14:23:16.802] [DEBUG] cheese - null
[2023-01-18T14:29:08.527] [DEBUG] cheese - login => username:admin,password:123456
[2023-01-18T14:29:08.527] [DEBUG] cheese - admin
[2023-01-18T14:29:08.535] [DEBUG] cheese - null
[2023-01-18T14:29:08.535] [DEBUG] cheese - null
[2023-01-18T14:31:49.367] [DEBUG] cheese - login => username:admin,password:123456
[2023-01-18T14:31:49.368] [DEBUG] cheese - admin
[2023-01-18T14:31:49.374] [DEBUG] cheese - null
[2023-01-18T14:31:49.374] [DEBUG] cheese - null
[2023-01-18T14:34:58.790] [DEBUG] cheese - login => username:admin,password:123456
[2023-01-18T14:34:58.791] [DEBUG] cheese - admin
[2023-01-18T14:34:58.799] [DEBUG] cheese - null
[2023-01-18T14:34:58.799] [DEBUG] cheese - null
[2023-01-18T15:17:44.563] [DEBUG] cheese - login => username:admin,password:123456
[2023-01-18T15:17:44.563] [DEBUG] cheese - admin
[2023-01-18T15:17:44.574] [DEBUG] cheese - null
[2023-01-18T15:17:44.574] [DEBUG] cheese - null
[2023-01-18T15:21:40.175] [DEBUG] cheese - login => username:admin,password:123456
[2023-01-18T15:21:40.175] [DEBUG] cheese - admin
[2023-01-18T15:21:40.184] [DEBUG] cheese - null
[2023-01-18T15:21:40.184] [DEBUG] cheese - null
[2023-01-18T15:23:51.697] [DEBUG] cheese - login => username:admin,password:123456
[2023-01-18T15:23:51.698] [DEBUG] cheese - admin
[2023-01-18T15:23:51.703] [DEBUG] cheese - null
[2023-01-18T15:23:51.703] [DEBUG] cheese - null
[2023-01-18T15:34:00.948] [DEBUG] cheese - login => username:admin,password:123456
[2023-01-18T15:34:00.948] [DEBUG] cheese - admin
[2023-01-18T15:34:00.959] [DEBUG] cheese - null
[2023-01-18T15:34:00.959] [DEBUG] cheese - null
[2023-01-18T15:51:53.405] [DEBUG] cheese - login => username:admin,password:123456
[2023-01-18T15:51:53.405] [DEBUG] cheese - admin
[2023-01-18T15:51:53.417] [DEBUG] cheese - null
[2023-01-18T15:51:53.418] [DEBUG] cheese - null
[2023-01-18T15:52:46.060] [DEBUG] cheese - login => username:admin,password:123456
[2023-01-18T15:52:46.060] [DEBUG] cheese - admin
[2023-01-18T15:52:46.062] [DEBUG] cheese - null
[2023-01-18T15:52:46.063] [DEBUG] cheese - null
[2023-01-18T16:56:03.827] [DEBUG] cheese - login => username:admin,password:123456
[2023-01-18T16:56:03.833] [DEBUG] cheese - admin
[2023-01-18T16:56:03.857] [DEBUG] cheese - null
[2023-01-18T16:56:03.858] [DEBUG] cheese - null
[2023-01-18T18:52:57.579] [DEBUG] cheese - login => username:admin,password:123456
[2023-01-18T18:52:57.586] [DEBUG] cheese - admin
[2023-01-18T18:52:57.624] [DEBUG] cheese - null
[2023-01-18T18:52:57.625] [DEBUG] cheese - null
[2023-01-18T18:58:16.622] [DEBUG] cheese - login => username:admin,password:123456
[2023-01-18T18:58:16.622] [DEBUG] cheese - admin
[2023-01-18T18:58:16.629] [DEBUG] cheese - null
[2023-01-18T18:58:16.629] [DEBUG] cheese - null
[2023-01-26T07:09:01.155] [DEBUG] cheese - login => username:admin,password:123456
[2023-01-26T07:09:01.157] [DEBUG] cheese - admin
[2023-01-26T07:09:01.185] [DEBUG] cheese - null
[2023-01-26T07:09:01.185] [DEBUG] cheese - null
[2023-01-26T07:09:14.981] [DEBUG] cheese - login => username:admin,password:123456
[2023-01-26T07:09:14.981] [DEBUG] cheese - admin
[2023-01-26T07:09:14.986] [DEBUG] cheese - null
[2023-01-26T07:09:14.987] [DEBUG] cheese - null
[2023-01-26T07:09:44.952] [DEBUG] cheese - login => username:root,password:123456
[2023-01-26T07:09:44.952] [DEBUG] cheese - root
[2023-01-26T07:09:44.957] [DEBUG] cheese - null
[2023-01-26T07:09:44.957] [DEBUG] cheese - null
[2023-01-26T07:09:49.042] [DEBUG] cheese - login => username:admin,password:123456
[2023-01-26T07:09:49.042] [DEBUG] cheese - admin
[2023-01-26T07:09:49.048] [DEBUG] cheese - null
[2023-01-26T07:09:49.048] [DEBUG] cheese - null
[2023-01-26T07:10:10.887] [DEBUG] cheese - login => username:admin,password:123456
[2023-01-26T07:10:10.887] [DEBUG] cheese - admin
[2023-01-26T07:10:10.890] [DEBUG] cheese - null
[2023-01-26T07:10:10.890] [DEBUG] cheese - null
[2023-01-26T07:15:30.242] [DEBUG] cheese - login => username:admin,password:123456
[2023-01-26T07:15:30.243] [DEBUG] cheese - admin
[2023-01-26T07:15:30.260] [DEBUG] cheese - null
[2023-01-26T07:15:30.260] [DEBUG] cheese - null
[2023-01-26T07:15:48.763] [DEBUG] cheese - login => username:admin,password:123456
[2023-01-26T07:15:48.763] [DEBUG] cheese - admin
[2023-01-26T07:15:48.768] [DEBUG] cheese - null
[2023-01-26T07:15:48.768] [DEBUG] cheese - null
[2023-01-26T07:19:35.664] [DEBUG] cheese - login => username:admin,password:123456
[2023-01-26T07:19:35.665] [DEBUG] cheese - admin
[2023-01-26T07:19:35.676] [DEBUG] cheese - null
[2023-01-26T07:19:35.676] [DEBUG] cheese - null
[2023-01-26T07:19:59.876] [DEBUG] cheese - login => username:admin,password:123456
[2023-01-26T07:19:59.876] [DEBUG] cheese - admin
[2023-01-26T07:19:59.878] [DEBUG] cheese - null
[2023-01-26T07:19:59.878] [DEBUG] cheese - null
[2023-01-26T07:21:42.561] [DEBUG] cheese - login => username:admin,password:123456
[2023-01-26T07:21:42.561] [DEBUG] cheese - admin
[2023-01-26T07:21:42.565] [DEBUG] cheese - null
[2023-01-26T07:21:42.565] [DEBUG] cheese - null
[2023-01-26T07:22:44.577] [DEBUG] cheese - login => username:admin,password:123456
[2023-01-26T07:22:44.577] [DEBUG] cheese - admin
[2023-01-26T07:22:44.579] [DEBUG] cheese - null
[2023-01-26T07:22:44.579] [DEBUG] cheese - null
[2023-01-26T08:26:50.098] [DEBUG] cheese - login => username:admin,password:123456
[2023-01-26T08:26:50.098] [DEBUG] cheese - admin
[2023-01-26T08:26:50.103] [DEBUG] cheese - null
[2023-01-26T08:26:50.103] [DEBUG] cheese - null
[2023-01-26T08:37:45.050] [DEBUG] cheese - login => username:asdf1,password:123456
[2023-01-26T08:37:45.050] [DEBUG] cheese - asdf1
[2023-01-26T08:37:45.055] [DEBUG] cheese - null
[2023-01-26T08:37:45.056] [DEBUG] cheese - null
[2023-01-26T08:37:50.753] [DEBUG] cheese - login => username:asdf1,password:123123
[2023-01-26T08:37:50.753] [DEBUG] cheese - asdf1
[2023-01-26T08:37:50.756] [DEBUG] cheese - null
[2023-01-26T08:37:50.758] [DEBUG] cheese - null
[2023-01-26T08:37:57.264] [DEBUG] cheese - login => username:admin,password:123456
[2023-01-26T08:37:57.264] [DEBUG] cheese - admin
[2023-01-26T08:37:57.266] [DEBUG] cheese - null
[2023-01-26T08:37:57.266] [DEBUG] cheese - null
[2023-01-26T09:13:57.342] [DEBUG] cheese - login => username:wux,password:123456
[2023-01-26T09:13:57.342] [DEBUG] cheese - wux
[2023-01-26T09:13:57.344] [DEBUG] cheese - null
[2023-01-26T09:13:57.345] [DEBUG] cheese - null
[2023-01-26T09:14:02.605] [DEBUG] cheese - login => username:admin,password:123456
[2023-01-26T09:14:02.605] [DEBUG] cheese - admin
[2023-01-26T09:14:02.608] [DEBUG] cheese - null
[2023-01-26T09:14:02.608] [DEBUG] cheese - null
[2023-01-26T09:14:11.407] [DEBUG] cheese - login => username:wux,password:123456
[2023-01-26T09:14:11.407] [DEBUG] cheese - wux
[2023-01-26T09:14:11.409] [DEBUG] cheese - null
[2023-01-26T09:14:11.409] [DEBUG] cheese - null
[2023-01-26T09:14:18.867] [DEBUG] cheese - login => username:admin,password:123456
[2023-01-26T09:14:18.869] [DEBUG] cheese - admin
[2023-01-26T09:14:18.874] [DEBUG] cheese - null
[2023-01-26T09:14:18.874] [DEBUG] cheese - null
[2023-01-26T09:15:16.107] [DEBUG] cheese - login => username:wux,password:123456
[2023-01-26T09:15:16.107] [DEBUG] cheese - wux
[2023-01-26T09:15:16.111] [DEBUG] cheese - null
[2023-01-26T09:15:16.112] [DEBUG] cheese - null
[2023-01-26T09:15:28.355] [DEBUG] cheese - login => username:admin,password:123456
[2023-01-26T09:15:28.355] [DEBUG] cheese - admin
[2023-01-26T09:15:28.361] [DEBUG] cheese - null
[2023-01-26T09:15:28.361] [DEBUG] cheese - null
[2023-01-26T10:12:49.634] [DEBUG] cheese - login => username:admin,password:123456
[2023-01-26T10:12:49.635] [DEBUG] cheese - admin
[2023-01-26T10:12:49.637] [DEBUG] cheese - null
[2023-01-26T10:12:49.637] [DEBUG] cheese - null
[2023-01-26T10:17:47.201] [DEBUG] cheese - login => username:wuxuan,password:123456
[2023-01-26T10:17:47.201] [DEBUG] cheese - wuxuan
[2023-01-26T10:17:47.207] [DEBUG] cheese - null
[2023-01-26T10:17:47.207] [DEBUG] cheese - null
[2023-01-26T10:17:48.193] [DEBUG] cheese - login => username:wuxuan,password:123456
[2023-01-26T10:17:48.193] [DEBUG] cheese - wuxuan
[2023-01-26T10:17:48.195] [DEBUG] cheese - null
[2023-01-26T10:17:48.195] [DEBUG] cheese - null
[2023-01-26T10:17:48.383] [DEBUG] cheese - login => username:wuxuan,password:123456
[2023-01-26T10:17:48.383] [DEBUG] cheese - wuxuan
[2023-01-26T10:17:48.392] [DEBUG] cheese - null
[2023-01-26T10:17:48.393] [DEBUG] cheese - null
[2023-01-26T10:17:48.535] [DEBUG] cheese - login => username:wuxuan,password:123456
[2023-01-26T10:17:48.536] [DEBUG] cheese - wuxuan
[2023-01-26T10:17:48.543] [DEBUG] cheese - null
[2023-01-26T10:17:48.543] [DEBUG] cheese - null
[2023-01-26T10:17:48.566] [DEBUG] cheese - login => username:wuxuan,password:123456
[2023-01-26T10:17:48.566] [DEBUG] cheese - wuxuan
[2023-01-26T10:17:48.568] [DEBUG] cheese - null
[2023-01-26T10:17:48.568] [DEBUG] cheese - null
[2023-01-26T10:17:48.738] [DEBUG] cheese - login => username:wuxuan,password:123456
[2023-01-26T10:17:48.738] [DEBUG] cheese - wuxuan
[2023-01-26T10:17:48.742] [DEBUG] cheese - null
[2023-01-26T10:17:48.742] [DEBUG] cheese - null
[2023-01-26T10:17:48.911] [DEBUG] cheese - login => username:wuxuan,password:123456
[2023-01-26T10:17:48.911] [DEBUG] cheese - wuxuan
[2023-01-26T10:17:48.913] [DEBUG] cheese - null
[2023-01-26T10:17:48.913] [DEBUG] cheese - null
[2023-01-26T10:17:54.158] [DEBUG] cheese - login => username:admin,password:123456
[2023-01-26T10:17:54.158] [DEBUG] cheese - admin
[2023-01-26T10:17:54.160] [DEBUG] cheese - null
[2023-01-26T10:17:54.160] [DEBUG] cheese - null
[2023-01-26T10:18:52.918] [DEBUG] cheese - login => username:admin,password:123456
[2023-01-26T10:18:52.918] [DEBUG] cheese - admin
[2023-01-26T10:18:52.920] [DEBUG] cheese - null
[2023-01-26T10:18:52.920] [DEBUG] cheese - null
[2023-01-26T10:41:57.000] [DEBUG] cheese - login => username:testUser,password:111111
[2023-01-26T10:41:57.000] [DEBUG] cheese - testUser
[2023-01-26T10:41:57.005] [DEBUG] cheese - null
[2023-01-26T10:41:57.006] [DEBUG] cheese - null
[2023-01-26T10:41:57.954] [DEBUG] cheese - login => username:testUser,password:111111
[2023-01-26T10:41:57.954] [DEBUG] cheese - testUser
[2023-01-26T10:41:57.955] [DEBUG] cheese - null
[2023-01-26T10:41:57.955] [DEBUG] cheese - null
[2023-01-26T10:41:58.114] [DEBUG] cheese - login => username:testUser,password:111111
[2023-01-26T10:41:58.115] [DEBUG] cheese - testUser
[2023-01-26T10:41:58.116] [DEBUG] cheese - null
[2023-01-26T10:41:58.116] [DEBUG] cheese - null
[2023-01-26T10:41:58.280] [DEBUG] cheese - login => username:testUser,password:111111
[2023-01-26T10:41:58.280] [DEBUG] cheese - testUser
[2023-01-26T10:41:58.282] [DEBUG] cheese - null
[2023-01-26T10:41:58.282] [DEBUG] cheese - null
[2023-01-26T10:41:58.457] [DEBUG] cheese - login => username:testUser,password:111111
[2023-01-26T10:41:58.457] [DEBUG] cheese - testUser
[2023-01-26T10:41:58.459] [DEBUG] cheese - null
[2023-01-26T10:41:58.459] [DEBUG] cheese - null
[2023-01-26T10:42:03.372] [DEBUG] cheese - login => username:testUser,password:111111
[2023-01-26T10:42:03.372] [DEBUG] cheese - testUser
[2023-01-26T10:42:03.375] [DEBUG] cheese - null
[2023-01-26T10:42:03.375] [DEBUG] cheese - null
[2023-01-26T10:42:04.132] [DEBUG] cheese - login => username:testUser,password:111111
[2023-01-26T10:42:04.132] [DEBUG] cheese - testUser
[2023-01-26T10:42:04.136] [DEBUG] cheese - null
[2023-01-26T10:42:04.136] [DEBUG] cheese - null
[2023-01-26T10:42:04.292] [DEBUG] cheese - login => username:testUser,password:111111
[2023-01-26T10:42:04.292] [DEBUG] cheese - testUser
[2023-01-26T10:42:04.294] [DEBUG] cheese - null
[2023-01-26T10:42:04.294] [DEBUG] cheese - null
[2023-01-26T10:42:04.476] [DEBUG] cheese - login => username:testUser,password:111111
[2023-01-26T10:42:04.476] [DEBUG] cheese - testUser
[2023-01-26T10:42:04.478] [DEBUG] cheese - null
[2023-01-26T10:42:04.478] [DEBUG] cheese - null
[2023-01-26T10:42:04.649] [DEBUG] cheese - login => username:testUser,password:111111
[2023-01-26T10:42:04.649] [DEBUG] cheese - testUser
[2023-01-26T10:42:04.652] [DEBUG] cheese - null
[2023-01-26T10:42:04.653] [DEBUG] cheese - null
[2023-01-26T10:42:04.819] [DEBUG] cheese - login => username:testUser,password:111111
[2023-01-26T10:42:04.819] [DEBUG] cheese - testUser
[2023-01-26T10:42:04.821] [DEBUG] cheese - null
[2023-01-26T10:42:04.821] [DEBUG] cheese - null
[2023-01-26T10:43:08.422] [DEBUG] cheese - login => username:testUser,password:111111
[2023-01-26T10:43:08.422] [DEBUG] cheese - testUser
[2023-01-26T10:43:08.424] [DEBUG] cheese - null
[2023-01-26T10:43:08.424] [DEBUG] cheese - null
[2023-01-26T12:13:54.342] [DEBUG] cheese - login => username:admin,password:123456
[2023-01-26T12:13:54.343] [DEBUG] cheese - admin
[2023-01-26T12:13:54.442] [DEBUG] cheese - null
[2023-01-26T12:13:54.442] [DEBUG] cheese - null
[2023-01-26T14:45:11.024] [DEBUG] cheese - login => username:admin,password:123456
[2023-01-26T14:45:11.028] [DEBUG] cheese - admin
[2023-01-26T14:45:11.186] [DEBUG] cheese - null
[2023-01-26T14:45:11.186] [DEBUG] cheese - null
[2023-01-27T08:56:37.513] [DEBUG] cheese - login => username:admin,password:123456
[2023-01-27T08:56:37.517] [DEBUG] cheese - admin
[2023-01-27T08:56:37.602] [DEBUG] cheese - null
[2023-01-27T08:56:37.603] [DEBUG] cheese - null
[2023-01-27T09:18:40.799] [DEBUG] cheese - null
[2023-01-27T09:19:48.215] [DEBUG] cheese - null
[2023-01-27T09:19:50.430] [DEBUG] cheese - null
[2023-01-27T10:19:13.586] [DEBUG] cheese - null
[2023-01-27T10:19:15.101] [DEBUG] cheese - null
[2023-01-27T13:40:46.568] [DEBUG] cheese - null
[2023-01-27T13:45:39.711] [DEBUG] cheese - null
[2023-01-27T13:45:41.616] [DEBUG] cheese - null
[2023-01-28T09:18:52.008] [DEBUG] cheese - login => username:admin,password:123456
[2023-01-28T09:18:52.009] [DEBUG] cheese - admin
[2023-01-28T09:18:52.058] [DEBUG] cheese - null
[2023-01-28T09:18:52.058] [DEBUG] cheese - null
[2023-01-28T09:38:56.914] [DEBUG] cheese - login => username:admin,password:123456
[2023-01-28T09:38:56.914] [DEBUG] cheese - admin
[2023-01-28T09:38:56.923] [DEBUG] cheese - null
[2023-01-28T09:38:56.923] [DEBUG] cheese - null
[2023-01-28T09:49:25.187] [DEBUG] cheese - login => username:admin,password:123456
[2023-01-28T09:49:25.188] [DEBUG] cheese - admin
[2023-01-28T09:49:25.193] [DEBUG] cheese - null
[2023-01-28T09:49:25.195] [DEBUG] cheese - null
[2023-01-28T11:28:33.484] [DEBUG] cheese - null
[2023-01-28T17:37:35.472] [DEBUG] cheese - login => username:admin,password:123456
[2023-01-28T17:37:35.473] [DEBUG] cheese - admin
[2023-01-28T17:37:35.520] [DEBUG] cheese - null
[2023-01-28T17:37:35.521] [DEBUG] cheese - null
[2023-01-28T23:43:49.764] [DEBUG] cheese - login => username:admin,password:123456
[2023-01-28T23:43:49.767] [DEBUG] cheese - admin
[2023-01-28T23:43:49.868] [DEBUG] cheese - null
[2023-01-28T23:43:49.868] [DEBUG] cheese - null
[2023-01-31T13:20:35.642] [DEBUG] cheese - login => username:admin,password:123456
[2023-01-31T13:20:35.644] [DEBUG] cheese - admin
[2023-01-31T13:20:35.693] [DEBUG] cheese - null
[2023-01-31T13:20:35.693] [DEBUG] cheese - null
[2023-02-02T21:59:57.446] [DEBUG] cheese - login => username:admin,password:123456
[2023-02-02T21:59:57.447] [DEBUG] cheese - admin
[2023-02-02T21:59:57.491] [DEBUG] cheese - null
[2023-02-02T21:59:57.492] [DEBUG] cheese - null
[2023-02-02T22:01:33.469] [DEBUG] cheese - login => username:admin,password:123456
[2023-02-02T22:01:33.470] [DEBUG] cheese - admin
[2023-02-02T22:01:33.473] [DEBUG] cheese - null
[2023-02-02T22:01:33.474] [DEBUG] cheese - null
[2023-02-03T11:23:09.394] [DEBUG] cheese - login => username:admin,password:123456
[2023-02-03T11:23:09.395] [DEBUG] cheese - admin
[2023-02-03T11:23:09.445] [DEBUG] cheese - null
[2023-02-03T11:23:09.445] [DEBUG] cheese - null
[2023-02-03T14:15:59.931] [DEBUG] cheese - login => username:admin,password:123456
[2023-02-03T14:15:59.955] [DEBUG] cheese - admin
[2023-02-03T14:15:59.975] [DEBUG] cheese - null
[2023-02-03T14:15:59.979] [DEBUG] cheese - null
